TN:
SF:src\test\mock\repository.address.js
FN:1,mockAddressRepo
FNF:1
FNH:1
FNDA:16,mockAddressRepo
DA:1,1
DA:2,16
DA:3,16
DA:4,16
DA:5,16
DA:6,16
DA:7,16
DA:8,16
DA:9,16
DA:10,16
DA:11,16
DA:12,16
DA:13,16
DA:14,16
DA:15,16
DA:16,16
DA:17,16
DA:18,16
DA:19,16
DA:20,16
DA:21,16
DA:22,16
DA:23,16
DA:24,16
DA:25,16
DA:26,16
DA:27,16
DA:28,16
DA:29,16
DA:30,16
DA:31,16
DA:32,16
DA:33,16
DA:34,16
DA:35,16
DA:36,16
DA:37,16
DA:38,16
DA:39,16
DA:40,16
DA:41,16
DA:42,16
DA:43,16
DA:44,16
DA:45,16
DA:46,16
DA:47,16
DA:48,16
DA:49,16
DA:50,16
DA:51,16
DA:52,16
DA:53,1
DA:54,1
LF:54
LH:54
BRDA:1,0,0,16
BRDA:12,1,0,1
BRDA:12,2,0,15
BRDA:23,3,0,2
BRDA:23,4,0,14
BRDA:32,5,0,1
BRDA:32,6,0,15
BRDA:44,7,0,0
BRDA:48,8,0,0
BRF:9
BRH:7
end_of_record
TN:
SF:src\test\mock\repository.category.mock.js
FN:1,mockCategoryRepo
FNF:1
FNH:1
FNDA:41,mockCategoryRepo
DA:1,1
DA:2,41
DA:3,41
DA:4,41
DA:5,41
DA:6,41
DA:7,41
DA:8,41
DA:9,41
DA:10,41
DA:11,41
DA:12,41
DA:13,41
DA:14,41
DA:15,41
DA:16,41
DA:17,41
DA:18,41
DA:19,41
DA:20,41
DA:21,41
DA:22,41
DA:23,41
DA:24,41
DA:25,41
DA:26,41
DA:27,41
DA:28,41
DA:29,41
DA:30,41
DA:31,41
DA:32,41
DA:33,41
DA:34,41
DA:35,41
DA:36,41
DA:37,41
DA:38,41
DA:39,41
DA:40,41
DA:41,41
DA:42,41
DA:43,41
DA:44,41
DA:45,41
DA:46,41
DA:47,41
DA:48,41
DA:49,41
DA:50,41
DA:51,41
DA:52,41
DA:53,41
DA:54,41
DA:55,41
DA:56,41
DA:57,41
DA:58,1
DA:59,1
LF:59
LH:59
BRDA:1,0,0,41
BRDA:15,1,0,5
BRDA:15,2,0,36
BRDA:22,3,0,20
BRDA:22,4,0,21
BRDA:30,5,0,20
BRDA:30,6,0,21
BRDA:41,7,0,20
BRDA:41,8,0,21
BRDA:49,9,0,20
BRDA:49,10,0,21
BRDA:53,11,0,20
BRDA:53,12,0,21
BRF:13
BRH:13
end_of_record
TN:
SF:src\test\mock\repository.user.mock.js
FN:1,mockUserRepo
FNF:1
FNH:1
FNDA:15,mockUserRepo
DA:1,1
DA:2,15
DA:3,15
DA:4,15
DA:5,15
DA:6,15
DA:7,15
DA:8,15
DA:9,15
DA:10,15
DA:11,15
DA:12,15
DA:13,15
DA:14,15
DA:15,15
DA:16,15
DA:17,15
DA:18,15
DA:19,15
DA:20,15
DA:21,15
DA:22,15
DA:23,15
DA:24,15
DA:25,15
DA:26,15
DA:27,15
DA:28,15
DA:29,15
DA:30,15
DA:31,15
DA:32,15
DA:33,15
DA:34,15
DA:35,15
DA:36,15
DA:37,15
DA:38,15
DA:39,15
DA:40,15
DA:41,1
DA:42,1
LF:42
LH:42
BRDA:1,0,0,15
BRDA:11,1,0,0
BRDA:25,2,0,2
BRDA:25,3,0,13
BRDA:37,4,0,0
BRF:5
BRH:3
end_of_record
TN:
SF:src\test\mock\respository.product.mock.js
FN:1,mockProductRepo
FNF:1
FNH:1
FNDA:21,mockProductRepo
DA:1,1
DA:2,21
DA:3,21
DA:4,21
DA:5,21
DA:6,21
DA:7,21
DA:8,21
DA:9,21
DA:10,21
DA:11,21
DA:12,21
DA:13,21
DA:14,21
DA:15,21
DA:16,21
DA:17,21
DA:18,21
DA:19,21
DA:20,21
DA:21,21
DA:22,21
DA:23,21
DA:24,21
DA:25,21
DA:26,21
DA:27,21
DA:28,21
DA:29,21
DA:30,21
DA:31,21
DA:32,21
DA:33,21
DA:34,21
DA:35,21
DA:36,21
DA:37,21
DA:38,21
DA:39,21
DA:40,21
DA:41,21
DA:42,21
DA:43,21
DA:44,21
DA:45,21
DA:46,21
DA:47,21
DA:48,21
DA:49,21
DA:50,21
DA:51,21
DA:52,21
DA:53,21
DA:54,21
DA:55,21
DA:56,21
DA:57,21
DA:58,1
DA:59,1
LF:59
LH:59
BRDA:1,0,0,21
BRDA:14,1,0,2
BRDA:14,2,0,19
BRDA:25,3,0,1
BRDA:25,4,0,20
BRDA:38,5,0,1
BRDA:38,6,0,20
BRDA:51,7,0,1
BRDA:51,8,0,20
BRDA:54,9,0,1
BRDA:54,10,0,20
BRF:11
BRH:11
end_of_record
TN:
SF:src\usecase\address.js
FN:2,Address
FN:6,getAddressByUserID
FN:19,getAddress
FN:23,addNewAddress
FN:43,updateAddress
FN:65,deleteAddress
FNF:6
FNH:5
FNDA:16,Address
FNDA:2,getAddressByUserID
FNDA:0,getAddress
FNDA:3,addNewAddress
FNDA:3,updateAddress
FNDA:2,deleteAddress
DA:1,1
DA:2,1
DA:3,16
DA:4,16
DA:5,16
DA:6,1
DA:7,2
DA:8,2
DA:9,2
DA:10,1
DA:11,1
DA:12,1
DA:13,1
DA:14,1
DA:15,1
DA:16,1
DA:17,1
DA:18,1
DA:19,1
DA:20,0
DA:21,0
DA:22,1
DA:23,1
DA:24,3
DA:25,3
DA:26,3
DA:27,1
DA:28,1
DA:29,1
DA:30,1
DA:31,2
DA:32,3
DA:33,1
DA:34,1
DA:35,1
DA:36,1
DA:37,1
DA:38,1
DA:39,1
DA:40,1
DA:41,1
DA:42,1
DA:43,1
DA:44,3
DA:45,3
DA:46,3
DA:47,3
DA:48,1
DA:49,1
DA:50,1
DA:51,1
DA:52,2
DA:53,3
DA:54,1
DA:55,1
DA:56,1
DA:57,1
DA:58,1
DA:59,1
DA:60,1
DA:61,1
DA:62,1
DA:63,1
DA:64,1
DA:65,1
DA:66,2
DA:67,2
DA:68,2
DA:69,2
DA:70,1
DA:71,1
DA:72,1
DA:73,1
DA:74,1
DA:75,1
DA:76,1
DA:77,1
DA:78,1
DA:79,1
DA:80,1
DA:81,1
DA:82,1
DA:83,1
LF:83
LH:81
BRDA:2,0,0,16
BRDA:6,1,0,2
BRDA:9,2,0,1
BRDA:23,3,0,3
BRDA:26,4,0,1
BRDA:31,5,0,2
BRDA:32,6,0,1
BRDA:43,7,0,3
BRDA:47,8,0,1
BRDA:52,9,0,2
BRDA:53,10,0,1
BRDA:65,11,0,2
BRDA:69,12,0,1
BRF:13
BRH:13
end_of_record
TN:
SF:src\usecase\category.js
FN:2,Category
FN:5,getCategoryByID
FN:20,getCategory
FN:31,getProductByCategoryID
FN:43,createCategory
FN:57,updateCategory
FN:74,deleteCategory
FNF:7
FNH:7
FNDA:22,Category
FNDA:2,getCategoryByID
FNDA:2,getCategory
FNDA:2,getProductByCategoryID
FNDA:2,createCategory
FNDA:3,updateCategory
FNDA:3,deleteCategory
DA:1,1
DA:2,1
DA:3,22
DA:4,22
DA:5,1
DA:6,2
DA:7,2
DA:8,2
DA:9,1
DA:10,1
DA:11,1
DA:12,1
DA:13,1
DA:14,1
DA:15,1
DA:16,1
DA:17,1
DA:18,1
DA:19,1
DA:20,1
DA:21,2
DA:22,2
DA:23,2
DA:24,2
DA:25,2
DA:26,1
DA:27,1
DA:28,1
DA:29,1
DA:30,1
DA:31,1
DA:32,2
DA:33,2
DA:34,2
DA:35,1
DA:36,1
DA:37,1
DA:38,1
DA:39,1
DA:40,1
DA:41,1
DA:42,1
DA:43,1
DA:44,2
DA:45,2
DA:46,2
DA:47,1
DA:48,1
DA:49,1
DA:50,1
DA:51,1
DA:52,1
DA:53,1
DA:54,1
DA:55,1
DA:56,1
DA:57,1
DA:58,3
DA:59,3
DA:60,3
DA:61,3
DA:62,1
DA:63,1
DA:64,2
DA:65,3
DA:66,1
DA:67,1
DA:68,1
DA:69,1
DA:70,1
DA:71,1
DA:72,1
DA:73,1
DA:74,1
DA:75,3
DA:76,3
DA:77,3
DA:78,3
DA:79,1
DA:80,1
DA:81,2
DA:82,3
DA:83,1
DA:84,1
DA:85,1
DA:86,1
DA:87,1
DA:88,1
DA:89,1
DA:90,1
LF:90
LH:90
BRDA:2,0,0,22
BRDA:5,1,0,2
BRDA:8,2,0,1
BRDA:20,3,0,2
BRDA:25,4,0,1
BRDA:31,5,0,2
BRDA:34,6,0,1
BRDA:43,7,0,2
BRDA:46,8,0,1
BRDA:57,9,0,3
BRDA:61,10,0,1
BRDA:64,11,0,2
BRDA:65,12,0,1
BRDA:74,13,0,3
BRDA:78,14,0,1
BRDA:81,15,0,2
BRDA:82,16,0,1
BRF:17
BRH:17
end_of_record
TN:
SF:src\usecase\product.js
FN:2,Item
FN:7,getProductByID
FN:21,getProducts
FN:34,addNewProduct
FN:59,updateProduct
FN:83,deleteProduct
FNF:6
FNH:6
FNDA:21,Item
FNDA:2,getProductByID
FNDA:2,getProducts
FNDA:3,addNewProduct
FNDA:3,updateProduct
FNDA:3,deleteProduct
DA:1,1
DA:2,1
DA:3,21
DA:4,21
DA:5,21
DA:6,1
DA:7,1
DA:8,2
DA:9,2
DA:10,2
DA:11,2
DA:12,1
DA:13,1
DA:14,1
DA:15,1
DA:16,1
DA:17,1
DA:18,1
DA:19,1
DA:20,1
DA:21,1
DA:22,2
DA:23,2
DA:24,2
DA:25,1
DA:26,1
DA:27,1
DA:28,1
DA:29,1
DA:30,1
DA:31,1
DA:32,1
DA:33,1
DA:34,1
DA:35,3
DA:36,3
DA:37,3
DA:38,3
DA:39,3
DA:40,3
DA:41,3
DA:42,1
DA:43,1
DA:44,1
DA:45,1
DA:46,2
DA:47,3
DA:48,1
DA:49,1
DA:50,1
DA:51,1
DA:52,1
DA:53,1
DA:54,1
DA:55,1
DA:56,1
DA:57,1
DA:58,1
DA:59,1
DA:60,3
DA:61,3
DA:62,3
DA:63,3
DA:64,3
DA:65,3
DA:66,3
DA:67,1
DA:68,1
DA:69,1
DA:70,1
DA:71,2
DA:72,3
DA:73,1
DA:74,1
DA:75,1
DA:76,1
DA:77,1
DA:78,1
DA:79,1
DA:80,1
DA:81,1
DA:82,1
DA:83,1
DA:84,3
DA:85,3
DA:86,3
DA:87,3
DA:88,1
DA:89,1
DA:90,1
DA:91,1
DA:92,2
DA:93,3
DA:94,1
DA:95,1
DA:96,1
DA:97,1
DA:98,1
DA:99,1
DA:100,1
DA:101,1
DA:102,1
DA:103,1
DA:104,1
DA:105,1
DA:106,1
LF:106
LH:106
BRDA:2,0,0,21
BRDA:7,1,0,2
BRDA:11,2,0,1
BRDA:21,3,0,2
BRDA:24,4,0,1
BRDA:34,5,0,3
BRDA:41,6,0,1
BRDA:46,7,0,2
BRDA:47,8,0,1
BRDA:59,9,0,3
BRDA:66,10,0,1
BRDA:71,11,0,2
BRDA:72,12,0,1
BRDA:83,13,0,3
BRDA:87,14,0,1
BRDA:92,15,0,2
BRDA:93,16,0,1
BRF:17
BRH:17
end_of_record
